TN:
SF:src/baseDataService.js
FN:11,BaseDataService
FN:24,getDatasetDeepCopy
FNF:2
FNH:2
FNDA:15,BaseDataService
FNDA:17,getDatasetDeepCopy
DA:1,1
DA:2,1
DA:3,1
DA:4,1
DA:5,1
DA:6,1
DA:7,1
DA:8,1
DA:9,1
DA:10,1
DA:11,1
DA:12,15
DA:13,15
DA:14,1
DA:15,1
DA:16,1
DA:17,1
DA:18,1
DA:19,1
DA:20,1
DA:21,1
DA:22,1
DA:23,1
DA:24,1
DA:25,17
DA:26,17
DA:27,1
LF:27
LH:27
BRDA:11,0,0,15
BRDA:24,1,0,17
BRDA:25,2,0,228361
BRF:3
BRH:3
end_of_record
TN:
SF:src/convertDatasetDates.js
FN:5,convertDatasetDates
FNF:1
FNH:1
FNDA:1,convertDatasetDates
DA:1,1
DA:2,1
DA:3,1
DA:4,1
DA:5,1
DA:6,1
DA:7,1
DA:8,13433
DA:9,13433
DA:10,13433
DA:11,1
LF:11
LH:11
BRDA:5,0,0,1
BRDA:7,1,0,13433
BRF:2
BRH:2
end_of_record
TN:
SF:src/dataService.js
FN:15,DataService
FN:25,get size
FN:35,get tickers
FN:44,get tickerGroups
FN:68,set tickerGroups
FN:88,getRowsByTicker
FN:105,getRepAmountMap
FN:127,searchForRep
FN:156,getConvertDateFn
FN:165,getRandomRow
FN:182,getSummaryById
FN:195,removeById
FN:217,sortByProperty
FNF:13
FNH:13
FNDA:15,DataService
FNDA:4,get size
FNDA:1,get tickers
FNDA:1,get tickerGroups
FNDA:15,set tickerGroups
FNDA:3,getRowsByTicker
FNDA:1,getRepAmountMap
FNDA:3,searchForRep
FNDA:1,getConvertDateFn
FNDA:2,getRandomRow
FNDA:1,getSummaryById
FNDA:3,removeById
FNDA:2,sortByProperty
DA:1,1
DA:2,1
DA:3,1
DA:4,1
DA:5,1
DA:6,1
DA:7,1
DA:8,1
DA:9,1
DA:10,1
DA:11,1
DA:12,1
DA:13,1
DA:14,1
DA:15,1
DA:16,15
DA:17,15
DA:18,15
DA:19,1
DA:20,1
DA:21,1
DA:22,1
DA:23,1
DA:24,1
DA:25,1
DA:26,4
DA:27,4
DA:28,1
DA:29,1
DA:30,1
DA:31,1
DA:32,1
DA:33,1
DA:34,1
DA:35,1
DA:36,1
DA:37,1
DA:38,1
DA:39,1
DA:40,1
DA:41,1
DA:42,1
DA:43,1
DA:44,1
DA:45,1
DA:46,1
DA:47,1
DA:48,1
DA:49,1
DA:50,1
DA:51,1
DA:52,1
DA:53,1
DA:54,1
DA:55,1
DA:56,1
DA:57,1
DA:58,1
DA:59,1
DA:60,1
DA:61,1
DA:62,1
DA:63,1
DA:64,1
DA:65,1
DA:66,1
DA:67,1
DA:68,1
DA:69,15
DA:70,15
DA:71,201495
DA:72,171105
DA:73,171105
DA:74,201495
DA:75,30390
DA:76,30390
DA:77,30390
DA:78,30390
DA:79,201495
DA:80,15
DA:81,1
DA:82,1
DA:83,1
DA:84,1
DA:85,1
DA:86,1
DA:87,1
DA:88,1
DA:89,3
DA:90,40299
DA:91,40299
DA:92,3
DA:93,1
DA:94,1
DA:95,1
DA:96,1
DA:97,1
DA:98,1
DA:99,1
DA:100,1
DA:101,1
DA:102,1
DA:103,1
DA:104,1
DA:105,1
DA:106,1
DA:107,1
DA:108,13433
DA:109,13433
DA:110,13433
DA:111,13258
DA:112,13433
DA:113,175
DA:114,175
DA:115,13433
DA:116,1
DA:117,1
DA:118,1
DA:119,1
DA:120,1
DA:121,1
DA:122,1
DA:123,1
DA:124,1
DA:125,1
DA:126,1
DA:127,1
DA:128,3
DA:129,3
DA:130,3
DA:131,3
DA:132,3
DA:133,3
DA:134,3
DA:135,4
DA:136,4
DA:137,4
DA:138,4
DA:139,0
DA:140,0
DA:141,4
DA:142,3
DA:143,3
DA:144,3
DA:145,3
DA:146,1
DA:147,1
DA:148,1
DA:149,1
DA:150,1
DA:151,1
DA:152,1
DA:153,1
DA:154,1
DA:155,1
DA:156,1
DA:157,1
DA:158,1
DA:159,1
DA:160,1
DA:161,1
DA:162,1
DA:163,1
DA:164,1
DA:165,1
DA:166,2
DA:167,2
DA:168,1
DA:169,1
DA:170,1
DA:171,1
DA:172,1
DA:173,1
DA:174,1
DA:175,1
DA:176,1
DA:177,1
DA:178,1
DA:179,1
DA:180,1
DA:181,1
DA:182,1
DA:183,1
DA:184,1
DA:185,1
DA:186,1
DA:187,1
DA:188,1
DA:189,1
DA:190,1
DA:191,1
DA:192,1
DA:193,1
DA:194,1
DA:195,1
DA:196,3
DA:197,5
DA:198,5
DA:199,4
DA:200,5
DA:201,1
DA:202,1
DA:203,5
DA:204,2
DA:205,1
DA:206,1
DA:207,1
DA:208,1
DA:209,1
DA:210,1
DA:211,1
DA:212,1
DA:213,1
DA:214,1
DA:215,1
DA:216,1
DA:217,1
DA:218,2
DA:219,2
DA:220,0
DA:221,2
DA:222,2
DA:223,2
DA:224,2
DA:225,2
DA:226,1
LF:226
LH:223
BRDA:15,0,0,15
BRDA:25,1,0,4
BRDA:35,2,0,1
BRDA:36,3,0,13433
BRDA:44,4,0,1
BRDA:68,5,0,15
BRDA:70,6,0,201495
BRDA:71,7,0,171105
BRDA:74,8,0,30390
BRDA:88,9,0,3
BRDA:89,10,0,40299
BRDA:105,11,0,1
BRDA:107,12,0,13433
BRDA:110,13,0,13258
BRDA:112,14,0,175
BRDA:127,15,0,3
BRDA:134,16,0,4
BRDA:138,17,0,0
BRDA:129,18,0,7
BRDA:131,19,0,40299
BRDA:135,20,0,35190
BRDA:156,21,0,1
BRDA:165,22,0,2
BRDA:182,23,0,1
BRDA:183,24,0,5036
BRDA:195,25,0,3
BRDA:196,26,0,5
BRDA:198,27,0,4
BRDA:200,28,0,1
BRDA:204,29,0,2
BRDA:197,30,0,28085
BRDA:217,31,0,2
BRDA:219,32,0,0
BRDA:222,33,0,316230
BRDA:222,34,0,169366
BRDA:222,35,0,146864
BRF:36
BRH:34
end_of_record
TN:
SF:src/dataset.js
FNF:0
FNH:0
DA:1,1
LF:1
LH:1
BRF:0
BRH:0
end_of_record
TN:
SF:src/exercise-1.js
FN:4,logHelloWorld
FNF:1
FNH:1
FNDA:1,logHelloWorld
DA:1,1
DA:2,1
DA:3,1
DA:4,1
DA:5,1
DA:6,1
LF:6
LH:6
BRDA:4,0,0,1
BRF:1
BRH:1
end_of_record
TN:
SF:src/exercise-10.js
FN:11,addRandomProperty
FN:27,getRandomText
FNF:2
FNH:2
FNDA:2,addRandomProperty
FNDA:2,getRandomText
DA:1,1
DA:2,1
DA:3,1
DA:4,1
DA:5,1
DA:6,1
DA:7,1
DA:8,1
DA:9,1
DA:10,1
DA:11,1
DA:12,2
DA:13,2
DA:14,2
DA:15,2
DA:16,1
DA:17,1
DA:18,1
DA:19,1
DA:20,1
DA:21,1
DA:22,1
DA:23,1
DA:24,1
DA:25,1
DA:26,1
DA:27,1
DA:28,2
DA:29,1
DA:30,1
DA:31,1
DA:32,1
DA:33,2
LF:33
LH:33
BRDA:11,0,0,2
BRDA:27,1,0,2
BRDA:28,2,0,1
BRF:3
BRH:3
end_of_record
TN:
SF:src/exercise-11.js
FN:6,List
FN:15,addItem
FN:25,findByName
FN:34,removeByName
FN:44,clearList
FNF:5
FNH:5
FNDA:4,List
FNDA:6,addItem
FNDA:1,findByName
FNDA:1,removeByName
FNDA:1,clearList
DA:1,1
DA:2,1
DA:3,1
DA:4,1
DA:5,1
DA:6,1
DA:7,4
DA:8,4
DA:9,1
DA:10,1
DA:11,1
DA:12,1
DA:13,1
DA:14,1
DA:15,1
DA:16,6
DA:17,6
DA:18,6
DA:19,1
DA:20,1
DA:21,1
DA:22,1
DA:23,1
DA:24,1
DA:25,1
DA:26,1
DA:27,1
DA:28,1
DA:29,1
DA:30,1
DA:31,1
DA:32,1
DA:33,1
DA:34,1
DA:35,1
DA:36,1
DA:37,1
DA:38,1
DA:39,1
DA:40,1
DA:41,1
DA:42,1
DA:43,1
DA:44,1
DA:45,1
DA:46,1
DA:47,1
LF:47
LH:47
BRDA:6,0,0,4
BRDA:15,1,0,6
BRDA:25,2,0,1
BRDA:27,3,0,1
BRDA:34,4,0,1
BRDA:37,5,0,1
BRDA:44,6,0,1
BRF:7
BRH:7
end_of_record
TN:
SF:src/exercise-2.js
FN:13,addDollarToPrice
FNF:1
FNH:1
FNDA:2,addDollarToPrice
DA:1,1
DA:2,1
DA:3,1
DA:4,1
DA:5,1
DA:6,1
DA:7,1
DA:8,1
DA:9,1
DA:10,1
DA:11,1
DA:12,1
DA:13,1
DA:14,2
DA:15,1
DA:16,1
DA:17,1
DA:18,1
DA:19,2
LF:19
LH:19
BRDA:13,0,0,2
BRDA:14,1,0,1
BRF:2
BRH:2
end_of_record
TN:
SF:src/exercise-3.js
FN:16,getLastToFirstNameMapping
FN:32,getFirstName
FNF:2
FNH:2
FNDA:4,getLastToFirstNameMapping
FNDA:3,getFirstName
DA:1,1
DA:2,1
DA:3,1
DA:4,1
DA:5,1
DA:6,1
DA:7,1
DA:8,1
DA:9,1
DA:10,1
DA:11,1
DA:12,1
DA:13,1
DA:14,1
DA:15,1
DA:16,1
DA:17,4
DA:18,4
DA:19,12
DA:20,12
DA:21,12
DA:22,4
DA:23,4
DA:24,1
DA:25,1
DA:26,1
DA:27,1
DA:28,1
DA:29,1
DA:30,1
DA:31,1
DA:32,1
DA:33,3
DA:34,3
LF:34
LH:34
BRDA:16,0,0,4
BRDA:18,1,0,12
BRDA:32,2,0,3
BRF:3
BRH:3
end_of_record
TN:
SF:src/exercise-4.js
FN:9,findMax
FNF:1
FNH:1
FNDA:16,findMax
DA:1,1
DA:2,1
DA:3,1
DA:4,1
DA:5,1
DA:6,1
DA:7,1
DA:8,1
DA:9,1
DA:10,16
DA:11,4
DA:12,4
DA:13,16
DA:14,3
DA:15,3
DA:16,16
DA:17,16
DA:18,12
DA:19,12
DA:20,16
DA:21,16
LF:21
LH:21
BRDA:9,0,0,16
BRDA:10,1,0,4
BRDA:13,2,0,3
BRDA:17,3,0,12
BRF:4
BRH:4
end_of_record
TN:
SF:src/exercise-5.js
FN:11,findAverage
FNF:1
FNH:1
FNDA:2,findAverage
DA:1,1
DA:2,1
DA:3,1
DA:4,1
DA:5,1
DA:6,1
DA:7,1
DA:8,1
DA:9,1
DA:10,1
DA:11,1
DA:12,2
DA:13,2
DA:14,2
DA:15,2
DA:16,2
DA:17,2
DA:18,2
DA:19,2
DA:20,2
DA:21,2
DA:22,2
DA:23,2
DA:24,2
DA:25,2
DA:26,16
DA:27,6
DA:28,6
DA:29,16
DA:30,13
DA:31,13
DA:32,13
DA:33,16
DA:34,2
DA:35,2
LF:35
LH:35
BRDA:11,0,0,2
BRDA:25,1,0,16
BRDA:26,2,0,6
BRDA:29,3,0,13
BRF:4
BRH:4
end_of_record
TN:
SF:src/exercise-6.js
FN:24,getTypeCount
FNF:1
FNH:1
FNDA:1,getTypeCount
DA:1,1
DA:2,1
DA:3,1
DA:4,1
DA:5,1
DA:6,1
DA:7,1
DA:8,1
DA:9,1
DA:10,1
DA:11,1
DA:12,1
DA:13,1
DA:14,1
DA:15,1
DA:16,1
DA:17,1
DA:18,1
DA:19,1
DA:20,1
DA:21,1
DA:22,1
DA:23,1
DA:24,1
DA:25,1
DA:26,1
DA:27,54
DA:28,54
DA:29,48
DA:30,54
DA:31,6
DA:32,6
DA:33,54
DA:34,1
DA:35,1
LF:35
LH:35
BRDA:24,0,0,1
BRDA:26,1,0,54
BRDA:28,2,0,48
BRDA:30,3,0,6
BRF:4
BRH:4
end_of_record
TN:
SF:src/exercise-7.js
FN:27,findBirdByID
FNF:1
FNH:1
FNDA:4,findBirdByID
DA:1,1
DA:2,1
DA:3,1
DA:4,1
DA:5,1
DA:6,1
DA:7,1
DA:8,1
DA:9,1
DA:10,1
DA:11,1
DA:12,1
DA:13,1
DA:14,1
DA:15,1
DA:16,1
DA:17,1
DA:18,1
DA:19,1
DA:20,1
DA:21,1
DA:22,1
DA:23,1
DA:24,1
DA:25,1
DA:26,1
DA:27,1
DA:28,4
DA:29,32
DA:30,26
DA:31,3
DA:32,26
DA:33,23
DA:34,23
DA:35,23
DA:36,23
DA:37,32
DA:38,6
DA:39,6
DA:40,32
DA:41,1
LF:41
LH:41
BRDA:27,0,0,4
BRDA:28,1,0,32
BRDA:29,2,0,26
BRDA:30,3,0,3
BRDA:32,4,0,23
BRDA:37,5,0,6
BRDA:41,6,0,1
BRF:7
BRH:7
end_of_record
TN:
SF:src/exercise-8.js
FN:9,Shape
FN:31,Circle
FN:40,<instance_members_initializer>
FN:40,area
FNF:4
FNH:4
FNDA:2,Shape
FNDA:2,Circle
FNDA:2,<instance_members_initializer>
FNDA:1,area
DA:1,1
DA:2,1
DA:3,1
DA:4,1
DA:5,1
DA:6,1
DA:7,1
DA:8,1
DA:9,1
DA:10,2
DA:11,2
DA:12,1
DA:13,1
DA:14,1
DA:15,1
DA:16,1
DA:17,1
DA:18,1
DA:19,1
DA:20,1
DA:21,1
DA:22,1
DA:23,1
DA:24,1
DA:25,1
DA:26,1
DA:27,1
DA:28,1
DA:29,1
DA:30,1
DA:31,1
DA:32,2
DA:33,2
DA:34,2
DA:35,1
DA:36,1
DA:37,1
DA:38,1
DA:39,1
DA:40,1
DA:41,1
DA:42,1
DA:43,1
LF:43
LH:43
BRDA:9,0,0,2
BRDA:31,1,0,2
BRDA:40,2,0,2
BRDA:40,3,0,1
BRF:4
BRH:4
end_of_record
TN:
SF:src/exercise-9.js
FN:8,countPropertyTypes
FNF:1
FNH:1
FNDA:3,countPropertyTypes
DA:1,1
DA:2,1
DA:3,1
DA:4,1
DA:5,1
DA:6,1
DA:7,1
DA:8,1
DA:9,3
DA:10,3
DA:11,18
DA:12,6
DA:13,6
DA:14,18
DA:15,3
DA:16,3
LF:16
LH:16
BRDA:8,0,0,3
BRDA:10,1,0,18
BRDA:11,2,0,6
BRF:3
BRH:3
end_of_record
TN:
SF:src/index.js
FNF:0
FNH:0
DA:1,1
DA:2,1
LF:2
LH:2
BRF:0
BRH:0
end_of_record
TN:
SF:src/sum.js
FN:7,sum
FNF:1
FNH:1
FNDA:1,sum
DA:1,1
DA:2,1
DA:3,1
DA:4,1
DA:5,1
DA:6,1
DA:7,1
DA:8,1
DA:9,1
LF:9
LH:9
BRDA:7,0,0,1
BRF:1
BRH:1
end_of_record
